{"/Users/stibbop/TOXIPROXY-MONGODB-DEMO/Toxiproxy.js": {"path":"/Users/stibbop/TOXIPROXY-MONGODB-DEMO/Toxiproxy.js","statementMap":{"0":{"start":{"line":3,"column":22},"end":{"line":3,"column":54}},"1":{"start":{"line":5,"column":18},"end":{"line":5,"column":56}},"2":{"start":{"line":8,"column":4},"end":{"line":37,"column":5}},"3":{"start":{"line":11,"column":8},"end":{"line":21,"column":9}},"4":{"start":{"line":12,"column":12},"end":{"line":12,"column":62}},"5":{"start":{"line":13,"column":12},"end":{"line":13,"column":63}},"6":{"start":{"line":15,"column":12},"end":{"line":19,"column":15}},"7":{"start":{"line":20,"column":12},"end":{"line":20,"column":56}},"8":{"start":{"line":24,"column":22},"end":{"line":31,"column":10}},"9":{"start":{"line":32,"column":8},"end":{"line":32,"column":56}},"10":{"start":{"line":34,"column":8},"end":{"line":34,"column":114}},"11":{"start":{"line":36,"column":8},"end":{"line":36,"column":62}},"12":{"start":{"line":40,"column":0},"end":{"line":40,"column":32}}},"fnMap":{"0":{"name":"setupProxy","decl":{"start":{"line":7,"column":15},"end":{"line":7,"column":25}},"loc":{"start":{"line":7,"column":28},"end":{"line":38,"column":1}},"line":7}},"branchMap":{},"s":{"0":1,"1":1,"2":4,"3":4,"4":4,"5":2,"6":2,"7":1,"8":3,"9":2,"10":2,"11":2,"12":1},"f":{"0":4},"b":{},"_coverageSchema":"1a1c01bbd47fc00a2c39e90264f33305004495a9","hash":"46cf61583b426aa922dba72fb867ccbe48ad2175"}
,"/Users/stibbop/TOXIPROXY-MONGODB-DEMO/controllers/MemberController.js": {"path":"/Users/stibbop/TOXIPROXY-MONGODB-DEMO/controllers/MemberController.js","statementMap":{"0":{"start":{"line":1,"column":16},"end":{"line":1,"column":35}},"1":{"start":{"line":3,"column":15},"end":{"line":3,"column":42}},"2":{"start":{"line":6,"column":21},"end":{"line":20,"column":1}},"3":{"start":{"line":7,"column":4},"end":{"line":19,"column":5}},"4":{"start":{"line":8,"column":77},"end":{"line":8,"column":85}},"5":{"start":{"line":9,"column":27},"end":{"line":9,"column":81}},"6":{"start":{"line":10,"column":8},"end":{"line":12,"column":9}},"7":{"start":{"line":11,"column":12},"end":{"line":11,"column":37}},"8":{"start":{"line":13,"column":23},"end":{"line":13,"column":45}},"9":{"start":{"line":14,"column":8},"end":{"line":14,"column":28}},"10":{"start":{"line":15,"column":8},"end":{"line":15,"column":32}},"11":{"start":{"line":18,"column":8},"end":{"line":18,"column":58}},"12":{"start":{"line":23,"column":22},"end":{"line":31,"column":1}},"13":{"start":{"line":24,"column":4},"end":{"line":30,"column":5}},"14":{"start":{"line":25,"column":24},"end":{"line":25,"column":54}},"15":{"start":{"line":26,"column":8},"end":{"line":26,"column":33}},"16":{"start":{"line":29,"column":8},"end":{"line":29,"column":58}},"17":{"start":{"line":34,"column":18},"end":{"line":43,"column":1}},"18":{"start":{"line":35,"column":4},"end":{"line":42,"column":5}},"19":{"start":{"line":36,"column":23},"end":{"line":36,"column":76}},"20":{"start":{"line":37,"column":8},"end":{"line":37,"column":78}},"21":{"start":{"line":37,"column":21},"end":{"line":37,"column":78}},"22":{"start":{"line":38,"column":8},"end":{"line":38,"column":32}},"23":{"start":{"line":41,"column":8},"end":{"line":41,"column":58}},"24":{"start":{"line":46,"column":21},"end":{"line":64,"column":1}},"25":{"start":{"line":47,"column":4},"end":{"line":63,"column":5}},"26":{"start":{"line":48,"column":79},"end":{"line":48,"column":87}},"27":{"start":{"line":49,"column":27},"end":{"line":49,"column":29}},"28":{"start":{"line":50,"column":8},"end":{"line":50,"column":56}},"29":{"start":{"line":50,"column":23},"end":{"line":50,"column":56}},"30":{"start":{"line":51,"column":8},"end":{"line":51,"column":59}},"31":{"start":{"line":51,"column":24},"end":{"line":51,"column":59}},"32":{"start":{"line":52,"column":8},"end":{"line":52,"column":53}},"33":{"start":{"line":52,"column":22},"end":{"line":52,"column":53}},"34":{"start":{"line":53,"column":8},"end":{"line":53,"column":62}},"35":{"start":{"line":53,"column":25},"end":{"line":53,"column":62}},"36":{"start":{"line":54,"column":8},"end":{"line":54,"column":44}},"37":{"start":{"line":54,"column":19},"end":{"line":54,"column":44}},"38":{"start":{"line":55,"column":8},"end":{"line":55,"column":45}},"39":{"start":{"line":55,"column":20},"end":{"line":55,"column":45}},"40":{"start":{"line":56,"column":30},"end":{"line":57,"column":52}},"41":{"start":{"line":58,"column":8},"end":{"line":58,"column":87}},"42":{"start":{"line":58,"column":28},"end":{"line":58,"column":87}},"43":{"start":{"line":59,"column":8},"end":{"line":59,"column":39}},"44":{"start":{"line":62,"column":8},"end":{"line":62,"column":52}},"45":{"start":{"line":67,"column":25},"end":{"line":78,"column":1}},"46":{"start":{"line":68,"column":4},"end":{"line":77,"column":5}},"47":{"start":{"line":69,"column":27},"end":{"line":69,"column":37}},"48":{"start":{"line":70,"column":24},"end":{"line":70,"column":59}},"49":{"start":{"line":71,"column":8},"end":{"line":73,"column":9}},"50":{"start":{"line":72,"column":12},"end":{"line":72,"column":87}},"51":{"start":{"line":74,"column":8},"end":{"line":74,"column":33}},"52":{"start":{"line":76,"column":8},"end":{"line":76,"column":60}},"53":{"start":{"line":82,"column":0},"end":{"line":88,"column":1}}},"fnMap":{"0":{"name":"(anonymous_0)","decl":{"start":{"line":6,"column":21},"end":{"line":6,"column":22}},"loc":{"start":{"line":6,"column":41},"end":{"line":20,"column":1}},"line":6},"1":{"name":"(anonymous_1)","decl":{"start":{"line":23,"column":22},"end":{"line":23,"column":23}},"loc":{"start":{"line":23,"column":42},"end":{"line":31,"column":1}},"line":23},"2":{"name":"(anonymous_2)","decl":{"start":{"line":34,"column":18},"end":{"line":34,"column":19}},"loc":{"start":{"line":34,"column":38},"end":{"line":43,"column":1}},"line":34},"3":{"name":"(anonymous_3)","decl":{"start":{"line":46,"column":21},"end":{"line":46,"column":22}},"loc":{"start":{"line":46,"column":41},"end":{"line":64,"column":1}},"line":46},"4":{"name":"(anonymous_4)","decl":{"start":{"line":67,"column":25},"end":{"line":67,"column":26}},"loc":{"start":{"line":67,"column":45},"end":{"line":78,"column":1}},"line":67}},"branchMap":{"0":{"loc":{"start":{"line":10,"column":8},"end":{"line":12,"column":9}},"type":"if","locations":[{"start":{"line":10,"column":8},"end":{"line":12,"column":9}},{"start":{},"end":{}}],"line":10},"1":{"loc":{"start":{"line":37,"column":8},"end":{"line":37,"column":78}},"type":"if","locations":[{"start":{"line":37,"column":8},"end":{"line":37,"column":78}},{"start":{},"end":{}}],"line":37},"2":{"loc":{"start":{"line":50,"column":8},"end":{"line":50,"column":56}},"type":"if","locations":[{"start":{"line":50,"column":8},"end":{"line":50,"column":56}},{"start":{},"end":{}}],"line":50},"3":{"loc":{"start":{"line":51,"column":8},"end":{"line":51,"column":59}},"type":"if","locations":[{"start":{"line":51,"column":8},"end":{"line":51,"column":59}},{"start":{},"end":{}}],"line":51},"4":{"loc":{"start":{"line":52,"column":8},"end":{"line":52,"column":53}},"type":"if","locations":[{"start":{"line":52,"column":8},"end":{"line":52,"column":53}},{"start":{},"end":{}}],"line":52},"5":{"loc":{"start":{"line":53,"column":8},"end":{"line":53,"column":62}},"type":"if","locations":[{"start":{"line":53,"column":8},"end":{"line":53,"column":62}},{"start":{},"end":{}}],"line":53},"6":{"loc":{"start":{"line":54,"column":8},"end":{"line":54,"column":44}},"type":"if","locations":[{"start":{"line":54,"column":8},"end":{"line":54,"column":44}},{"start":{},"end":{}}],"line":54},"7":{"loc":{"start":{"line":55,"column":8},"end":{"line":55,"column":45}},"type":"if","locations":[{"start":{"line":55,"column":8},"end":{"line":55,"column":45}},{"start":{},"end":{}}],"line":55},"8":{"loc":{"start":{"line":58,"column":8},"end":{"line":58,"column":87}},"type":"if","locations":[{"start":{"line":58,"column":8},"end":{"line":58,"column":87}},{"start":{},"end":{}}],"line":58},"9":{"loc":{"start":{"line":71,"column":8},"end":{"line":73,"column":9}},"type":"if","locations":[{"start":{"line":71,"column":8},"end":{"line":73,"column":9}},{"start":{},"end":{}}],"line":71}},"s":{"0":1,"1":1,"2":1,"3":3,"4":3,"5":3,"6":3,"7":1,"8":3,"9":3,"10":2,"11":1,"12":1,"13":2,"14":2,"15":1,"16":1,"17":1,"18":3,"19":3,"20":2,"21":1,"22":1,"23":1,"24":1,"25":7,"26":7,"27":7,"28":7,"29":3,"30":7,"31":0,"32":7,"33":0,"34":7,"35":0,"36":7,"37":4,"38":7,"39":4,"40":7,"41":6,"42":1,"43":5,"44":1,"45":1,"46":3,"47":3,"48":3,"49":2,"50":1,"51":1,"52":1,"53":1},"f":{"0":3,"1":2,"2":3,"3":7,"4":3},"b":{"0":[1,2],"1":[1,1],"2":[3,4],"3":[0,7],"4":[0,7],"5":[0,7],"6":[4,3],"7":[4,3],"8":[1,5],"9":[1,1]},"_coverageSchema":"1a1c01bbd47fc00a2c39e90264f33305004495a9","hash":"e1afe7b500c73ae4bc66f142c478688a12a9024a"}
,"/Users/stibbop/TOXIPROXY-MONGODB-DEMO/models/Member.js": {"path":"/Users/stibbop/TOXIPROXY-MONGODB-DEMO/models/Member.js","statementMap":{"0":{"start":{"line":1,"column":17},"end":{"line":1,"column":36}},"1":{"start":{"line":4,"column":21},"end":{"line":30,"column":2}},"2":{"start":{"line":33,"column":0},"end":{"line":33,"column":67}}},"fnMap":{},"branchMap":{},"s":{"0":1,"1":1,"2":1},"f":{},"b":{},"_coverageSchema":"1a1c01bbd47fc00a2c39e90264f33305004495a9","hash":"26ec98684425641a2028a20e761d3fdd6ade8c5b"}
,"/Users/stibbop/TOXIPROXY-MONGODB-DEMO/routes/MemberRoutes.js": {"path":"/Users/stibbop/TOXIPROXY-MONGODB-DEMO/routes/MemberRoutes.js","statementMap":{"0":{"start":{"line":2,"column":16},"end":{"line":2,"column":34}},"1":{"start":{"line":3,"column":15},"end":{"line":3,"column":31}},"2":{"start":{"line":4,"column":25},"end":{"line":4,"column":67}},"3":{"start":{"line":6,"column":0},"end":{"line":6,"column":48}},"4":{"start":{"line":7,"column":0},"end":{"line":7,"column":48}},"5":{"start":{"line":8,"column":0},"end":{"line":8,"column":47}},"6":{"start":{"line":9,"column":0},"end":{"line":9,"column":52}},"7":{"start":{"line":10,"column":0},"end":{"line":10,"column":63}},"8":{"start":{"line":12,"column":0},"end":{"line":12,"column":24}}},"fnMap":{},"branchMap":{},"s":{"0":1,"1":1,"2":1,"3":1,"4":1,"5":1,"6":1,"7":1,"8":1},"f":{},"b":{},"_coverageSchema":"1a1c01bbd47fc00a2c39e90264f33305004495a9","hash":"c7e793f139247842115317478056c0a662d5803f"}
}
