TN:
SF:Toxiproxy.js
FN:7,setupProxy
FNF:1
FNH:1
FNDA:4,setupProxy
DA:3,1
DA:5,1
DA:8,4
DA:11,4
DA:12,4
DA:13,2
DA:15,2
DA:20,1
DA:24,3
DA:32,2
DA:34,2
DA:36,2
DA:40,1
LF:13
LH:13
BRF:0
BRH:0
end_of_record
TN:
SF:controllers/MemberController.js
FN:6,(anonymous_0)
FN:23,(anonymous_1)
FN:34,(anonymous_2)
FN:46,(anonymous_3)
FN:67,(anonymous_4)
FNF:5
FNH:5
FNDA:3,(anonymous_0)
FNDA:2,(anonymous_1)
FNDA:3,(anonymous_2)
FNDA:7,(anonymous_3)
FNDA:3,(anonymous_4)
DA:1,1
DA:3,1
DA:6,1
DA:7,3
DA:8,3
DA:9,3
DA:10,3
DA:11,1
DA:13,3
DA:14,3
DA:15,2
DA:18,1
DA:23,1
DA:24,2
DA:25,2
DA:26,1
DA:29,1
DA:34,1
DA:35,3
DA:36,3
DA:37,2
DA:38,1
DA:41,1
DA:46,1
DA:47,7
DA:48,7
DA:49,7
DA:50,7
DA:51,7
DA:52,7
DA:53,7
DA:54,7
DA:55,7
DA:56,7
DA:58,6
DA:59,5
DA:62,1
DA:67,1
DA:68,3
DA:69,3
DA:70,3
DA:71,2
DA:72,1
DA:74,1
DA:76,1
DA:82,1
LF:46
LH:46
BRDA:10,0,0,1
BRDA:10,0,1,2
BRDA:37,1,0,1
BRDA:37,1,1,1
BRDA:50,2,0,3
BRDA:50,2,1,4
BRDA:51,3,0,0
BRDA:51,3,1,7
BRDA:52,4,0,0
BRDA:52,4,1,7
BRDA:53,5,0,0
BRDA:53,5,1,7
BRDA:54,6,0,4
BRDA:54,6,1,3
BRDA:55,7,0,4
BRDA:55,7,1,3
BRDA:58,8,0,1
BRDA:58,8,1,5
BRDA:71,9,0,1
BRDA:71,9,1,1
BRF:20
BRH:17
end_of_record
TN:
SF:models/Member.js
FNF:0
FNH:0
DA:1,1
DA:4,1
DA:33,1
LF:3
LH:3
BRF:0
BRH:0
end_of_record
TN:
SF:routes/MemberRoutes.js
FNF:0
FNH:0
DA:2,1
DA:3,1
DA:4,1
DA:6,1
DA:7,1
DA:8,1
DA:9,1
DA:10,1
DA:12,1
LF:9
LH:9
BRF:0
BRH:0
end_of_record
